<?xml version="1.0" encoding="UTF-8"?>
<testng-results ignored="0" total="1" passed="1" failed="0" skipped="0">
  <reporter-output>
  </reporter-output>
  <suite started-at="2023-04-14T10:49:57 EDT" name="Default suite" finished-at="2023-04-14T10:50:04 EDT" duration-ms="7025">
    <groups>
    </groups>
    <test started-at="2023-04-14T10:49:57 EDT" name="Default test" finished-at="2023-04-14T10:50:04 EDT" duration-ms="7025">
      <class name="test.project1.NewTest33">
        <test-method is-config="true" signature="beforeMethod()[pri:0, instance:test.project1.NewTest33@c333c60]" started-at="2023-04-14T10:49:57 EDT" name="beforeMethod" finished-at="2023-04-14T10:49:59 EDT" duration-ms="1878" status="PASS">
          <reporter-output>
          </reporter-output>
        </test-method> <!-- beforeMethod -->
        <test-method signature="f1()[pri:2, instance:test.project1.NewTest33@c333c60]" started-at="2023-04-14T10:49:59 EDT" name="f1" finished-at="2023-04-14T10:50:04 EDT" duration-ms="5013" status="PASS">
          <reporter-output>
          </reporter-output>
        </test-method> <!-- f1 -->
        <test-method is-config="true" signature="afterMethod()[pri:0, instance:test.project1.NewTest33@c333c60]" started-at="2023-04-14T10:50:04 EDT" name="afterMethod" finished-at="2023-04-14T10:50:04 EDT" duration-ms="92" status="PASS">
          <reporter-output>
          </reporter-output>
        </test-method> <!-- afterMethod -->
      </class> <!-- test.project1.NewTest33 -->
    </test> <!-- Default test -->
  </suite> <!-- Default suite -->
</testng-results>
